==618== Memcheck, a memory error detector
==618== Copyright (C) 2002-2017, and GNU GPL'd, by Julian Seward et al.
==618== Using Valgrind-3.16.1 and LibVEX; rerun with -h for copyright info
==618== Command: ./test_exec
==618== Parent PID: 12
==618== 
==618== Invalid read of size 8
==618==    at 0x1097D7: list<int>::iter::operator++() (list.cc:355)
==618==    by 0x109327: main (list.cc:430)
==618==  Address 0x4d61ed0 is 16 bytes inside a block of size 24 free'd
==618==    at 0x483A08B: operator delete(void*, unsigned long) (vg_replace_malloc.c:593)
==618==    by 0x10993B: list<int>::erase(list<int>::iter) (list.cc:277)
==618==    by 0x10930F: main (list.cc:428)
==618==  Block was alloc'd at
==618==    at 0x4838DEF: operator new(unsigned long) (vg_replace_malloc.c:342)
==618==    by 0x1095CB: list<int>::push_front(int) (list.cc:125)
==618==    by 0x1092AD: main (list.cc:402)
==618== 
==618== 
==618== FILE DESCRIPTORS: 4 open at exit.
==618== Open file descriptor 3: /com.docker.devenvironments.code/valgrind.log
==618==    <inherited from parent>
==618== 
==618== Open file descriptor 2: /dev/pts/1
==618==    <inherited from parent>
==618== 
==618== Open file descriptor 1: /dev/pts/1
==618==    <inherited from parent>
==618== 
==618== Open file descriptor 0: /dev/pts/1
==618==    <inherited from parent>
==618== 
==618== 
==618== HEAP SUMMARY:
==618==     in use at exit: 0 bytes in 0 blocks
==618==   total heap usage: 10 allocs, 10 frees, 73,920 bytes allocated
==618== 
==618== All heap blocks were freed -- no leaks are possible
==618== 
==618== ERROR SUMMARY: 1 errors from 1 contexts (suppressed: 0 from 0)
==618== 
==618== 1 errors in context 1 of 1:
==618== Invalid read of size 8
==618==    at 0x1097D7: list<int>::iter::operator++() (list.cc:355)
==618==    by 0x109327: main (list.cc:430)
==618==  Address 0x4d61ed0 is 16 bytes inside a block of size 24 free'd
==618==    at 0x483A08B: operator delete(void*, unsigned long) (vg_replace_malloc.c:593)
==618==    by 0x10993B: list<int>::erase(list<int>::iter) (list.cc:277)
==618==    by 0x10930F: main (list.cc:428)
==618==  Block was alloc'd at
==618==    at 0x4838DEF: operator new(unsigned long) (vg_replace_malloc.c:342)
==618==    by 0x1095CB: list<int>::push_front(int) (list.cc:125)
==618==    by 0x1092AD: main (list.cc:402)
==618== 
==618== ERROR SUMMARY: 1 errors from 1 contexts (suppressed: 0 from 0)
